<?xml version="1.0" encoding="UTF-8"?>
<coverage generated="1788962758238" clover="3.2.0">
  <project timestamp="1788962758238" name="All files">
    <metrics statements="54" coveredstatements="54" conditionals="22" coveredconditionals="22" methods="21" coveredmethods="21" elements="97" coveredelements="97" complexity="0" loc="54" ncloc="54" packages="4" files="5" classes="5"/>
    <package name="components.mobile">
      <metrics statements="13" coveredstatements="13" conditionals="16" coveredconditionals="16" methods="5" coveredmethods="5"/>
      <file name="ConsentSheet.tsx" path="/Users/jay/data/otb-public-interface/app/components/mobile/ConsentSheet.tsx">
        <metrics statements="5" coveredstatements="5" conditionals="2" coveredconditionals="2" methods="3" coveredmethods="3"/>
        <line num="10" count="1" type="stmt"/>
        <line num="11" count="7" type="stmt"/>
        <line num="13" count="7" type="stmt"/>
        <line num="31" count="1" type="stmt"/>
        <line num="37" count="1" type="stmt"/>
      </file>
      <file name="MapNudge.tsx" path="/Users/jay/data/otb-public-interface/app/components/mobile/MapNudge.tsx">
        <metrics statements="8" coveredstatements="8" conditionals="14" coveredconditionals="14" methods="2" coveredmethods="2"/>
        <line num="9" count="1" type="stmt"/>
        <line num="15" count="1" type="stmt"/>
        <line num="16" count="7" type="cond" truecount="4" falsecount="0"/>
        <line num="18" count="6" type="cond" truecount="6" falsecount="0"/>
        <line num="20" count="7" type="stmt"/>
        <line num="21" count="3" type="cond" truecount="2" falsecount="0"/>
        <line num="22" count="3" type="cond" truecount="2" falsecount="0"/>
        <line num="25" count="7" type="stmt"/>
      </file>
    </package>
    <package name="components.shared">
      <metrics statements="8" coveredstatements="8" conditionals="4" coveredconditionals="4" methods="2" coveredmethods="2"/>
      <file name="Embed.tsx" path="/Users/jay/data/otb-public-interface/app/components/shared/Embed.tsx">
        <metrics statements="8" coveredstatements="8" conditionals="4" coveredconditionals="4" methods="2" coveredmethods="2"/>
        <line num="8" count="1" type="stmt"/>
        <line num="9" count="6" type="stmt"/>
        <line num="11" count="6" type="cond" truecount="2" falsecount="0"/>
        <line num="12" count="3" type="stmt"/>
        <line num="25" count="1" type="stmt"/>
        <line num="34" count="3" type="cond" truecount="2" falsecount="0"/>
        <line num="35" count="2" type="stmt"/>
        <line num="50" count="1" type="stmt"/>
      </file>
    </package>
    <package name="hooks">
      <metrics statements="15" coveredstatements="15" conditionals="0" coveredconditionals="0" methods="10" coveredmethods="10"/>
      <file name="usePreferences.ts" path="/Users/jay/data/otb-public-interface/app/hooks/usePreferences.ts">
        <metrics statements="15" coveredstatements="15" conditionals="0" coveredconditionals="0" methods="10" coveredmethods="10"/>
        <line num="5" count="3" type="stmt"/>
        <line num="6" count="34" type="stmt"/>
        <line num="8" count="34" type="stmt"/>
        <line num="9" count="34" type="stmt"/>
        <line num="12" count="34" type="stmt"/>
        <line num="13" count="4" type="stmt"/>
        <line num="16" count="34" type="stmt"/>
        <line num="17" count="5" type="stmt"/>
        <line num="20" count="34" type="stmt"/>
        <line num="21" count="2" type="stmt"/>
        <line num="24" count="34" type="stmt"/>
        <line num="25" count="2" type="stmt"/>
        <line num="28" count="34" type="stmt"/>
        <line num="29" count="1" type="stmt"/>
        <line num="32" count="34" type="stmt"/>
      </file>
    </package>
    <package name="utils">
      <metrics statements="18" coveredstatements="18" conditionals="2" coveredconditionals="2" methods="4" coveredmethods="4"/>
      <file name="cookies.ts" path="/Users/jay/data/otb-public-interface/app/utils/cookies.ts">
        <metrics statements="18" coveredstatements="18" conditionals="2" coveredconditionals="2" methods="4" coveredmethods="4"/>
        <line num="3" count="4" type="stmt"/>
        <line num="5" count="4" type="stmt"/>
        <line num="6" count="27" type="stmt"/>
        <line num="7" count="27" type="stmt"/>
        <line num="8" count="27" type="cond" truecount="2" falsecount="0"/>
        <line num="10" count="2" type="stmt"/>
        <line num="12" count="17" type="stmt"/>
        <line num="15" count="4" type="stmt"/>
        <line num="16" count="3" type="stmt"/>
        <line num="17" count="3" type="stmt"/>
        <line num="19" count="1" type="stmt"/>
        <line num="23" count="4" type="stmt"/>
        <line num="24" count="36" type="stmt"/>
        <line num="25" count="36" type="stmt"/>
        <line num="27" count="1" type="stmt"/>
        <line num="29" count="36" type="stmt"/>
        <line num="32" count="4" type="stmt"/>
        <line num="85" count="24" type="stmt"/>
      </file>
    </package>
  </project>
</coverage>
