{"/Users/jay/data/otb-public-interface/app/components/mobile/ConsentSheet.tsx": {"path":"/Users/jay/data/otb-public-interface/app/components/mobile/ConsentSheet.tsx","statementMap":{"0":{"start":{"line":10,"column":21},"end":{"line":53,"column":null}},"1":{"start":{"line":11,"column":29},"end":{"line":11,"column":null}},"2":{"start":{"line":13,"column":2},"end":{"line":51,"column":null}},"3":{"start":{"line":31,"column":31},"end":{"line":31,"column":44}},"4":{"start":{"line":31,"column":44},"end":{"line":31,"column":54}},"5":{"start":{"line":37,"column":31},"end":{"line":37,"column":42}},"6":{"start":{"line":37,"column":42},"end":{"line":37,"column":52}}},"fnMap":{"0":{"name":"(anonymous_0)","decl":{"start":{"line":10,"column":21},"end":{"line":10,"column":22}},"loc":{"start":{"line":10,"column":60},"end":{"line":53,"column":null}},"line":10},"1":{"name":"(anonymous_1)","decl":{"start":{"line":31,"column":23},"end":{"line":31,"column":29}},"loc":{"start":{"line":31,"column":29},"end":{"line":31,"column":null}},"line":31},"2":{"name":"(anonymous_2)","decl":{"start":{"line":37,"column":23},"end":{"line":37,"column":29}},"loc":{"start":{"line":37,"column":29},"end":{"line":37,"column":null}},"line":37}},"branchMap":{"0":{"loc":{"start":{"line":15,"column":7},"end":{"line":49,"column":null}},"type":"binary-expr","locations":[{"start":{"line":15,"column":7},"end":{"line":15,"column":null}},{"start":{"line":16,"column":8},"end":{"line":49,"column":null}}],"line":15}},"s":{"0":1,"1":7,"2":7,"3":1,"4":1,"5":1,"6":1},"f":{"0":7,"1":1,"2":1},"b":{"0":[7,6]},"meta":{"lastBranch":1,"lastFunction":3,"lastStatement":7,"seen":{"s:10:21:53:Infinity":0,"f:10:21:10:22":0,"s:11:29:11:Infinity":1,"s:13:2:51:Infinity":2,"b:15:7:15:Infinity:16:8:49:Infinity":0,"f:31:23:31:29":1,"s:31:31:31:44":3,"s:31:44:31:54":4,"f:37:23:37:29":2,"s:37:31:37:42":5,"s:37:42:37:52":6},"fnNames":{}}}
,"/Users/jay/data/otb-public-interface/app/components/mobile/MapNudge.tsx": {"path":"/Users/jay/data/otb-public-interface/app/components/mobile/MapNudge.tsx","statementMap":{"0":{"start":{"line":9,"column":37},"end":{"line":13,"column":null}},"1":{"start":{"line":15,"column":17},"end":{"line":36,"column":null}},"2":{"start":{"line":16,"column":2},"end":{"line":16,"column":null}},"3":{"start":{"line":16,"column":32},"end":{"line":16,"column":null}},"4":{"start":{"line":18,"column":14},"end":{"line":18,"column":null}},"5":{"start":{"line":20,"column":23},"end":{"line":23,"column":null}},"6":{"start":{"line":21,"column":4},"end":{"line":21,"column":null}},"7":{"start":{"line":21,"column":16},"end":{"line":21,"column":null}},"8":{"start":{"line":22,"column":4},"end":{"line":22,"column":null}},"9":{"start":{"line":22,"column":26},"end":{"line":22,"column":null}},"10":{"start":{"line":25,"column":2},"end":{"line":34,"column":null}}},"fnMap":{"0":{"name":"(anonymous_0)","decl":{"start":{"line":15,"column":17},"end":{"line":15,"column":18}},"loc":{"start":{"line":15,"column":71},"end":{"line":36,"column":null}},"line":15},"1":{"name":"(anonymous_1)","decl":{"start":{"line":20,"column":23},"end":{"line":20,"column":29}},"loc":{"start":{"line":20,"column":29},"end":{"line":23,"column":null}},"line":20}},"branchMap":{"0":{"loc":{"start":{"line":16,"column":2},"end":{"line":16,"column":null}},"type":"if","locations":[{"start":{"line":16,"column":2},"end":{"line":16,"column":null}},{"start":{},"end":{}}],"line":16},"1":{"loc":{"start":{"line":16,"column":6},"end":{"line":16,"column":32}},"type":"binary-expr","locations":[{"start":{"line":16,"column":6},"end":{"line":16,"column":15}},{"start":{"line":16,"column":15},"end":{"line":16,"column":32}}],"line":16},"2":{"loc":{"start":{"line":18,"column":14},"end":{"line":18,"column":null}},"type":"cond-expr","locations":[{"start":{"line":18,"column":43},"end":{"line":18,"column":52}},{"start":{"line":18,"column":52},"end":{"line":18,"column":null}}],"line":18},"3":{"loc":{"start":{"line":18,"column":14},"end":{"line":18,"column":43}},"type":"binary-expr","locations":[{"start":{"line":18,"column":14},"end":{"line":18,"column":24}},{"start":{"line":18,"column":24},"end":{"line":18,"column":43}}],"line":18},"4":{"loc":{"start":{"line":18,"column":52},"end":{"line":18,"column":null}},"type":"cond-expr","locations":[{"start":{"line":18,"column":71},"end":{"line":18,"column":88}},{"start":{"line":18,"column":88},"end":{"line":18,"column":null}}],"line":18},"5":{"loc":{"start":{"line":21,"column":4},"end":{"line":21,"column":null}},"type":"if","locations":[{"start":{"line":21,"column":4},"end":{"line":21,"column":null}},{"start":{},"end":{}}],"line":21},"6":{"loc":{"start":{"line":22,"column":4},"end":{"line":22,"column":null}},"type":"if","locations":[{"start":{"line":22,"column":4},"end":{"line":22,"column":null}},{"start":{},"end":{}}],"line":22}},"s":{"0":1,"1":1,"2":7,"3":1,"4":6,"5":7,"6":3,"7":2,"8":3,"9":2,"10":7},"f":{"0":7,"1":3},"b":{"0":[1,6],"1":[7,3],"2":[2,4],"3":[6,4],"4":[2,2],"5":[2,1],"6":[2,1]},"meta":{"lastBranch":7,"lastFunction":2,"lastStatement":11,"seen":{"s:9:37:13:Infinity":0,"s:15:17:36:Infinity":1,"f:15:17:15:18":0,"b:16:2:16:Infinity:undefined:undefined:undefined:undefined":0,"s:16:2:16:Infinity":2,"b:16:6:16:15:16:15:16:32":1,"s:16:32:16:Infinity":3,"s:18:14:18:Infinity":4,"b:18:43:18:52:18:52:18:Infinity":2,"b:18:14:18:24:18:24:18:43":3,"b:18:71:18:88:18:88:18:Infinity":4,"s:20:23:23:Infinity":5,"f:20:23:20:29":1,"b:21:4:21:Infinity:undefined:undefined:undefined:undefined":5,"s:21:4:21:Infinity":6,"s:21:16:21:Infinity":7,"b:22:4:22:Infinity:undefined:undefined:undefined:undefined":6,"s:22:4:22:Infinity":8,"s:22:26:22:Infinity":9,"s:25:2:34:Infinity":10},"fnNames":{}}}
,"/Users/jay/data/otb-public-interface/app/components/shared/Embed.tsx": {"path":"/Users/jay/data/otb-public-interface/app/components/shared/Embed.tsx","statementMap":{"0":{"start":{"line":8,"column":14},"end":{"line":51,"column":null}},"1":{"start":{"line":9,"column":42},"end":{"line":9,"column":null}},"2":{"start":{"line":11,"column":2},"end":{"line":32,"column":null}},"3":{"start":{"line":12,"column":4},"end":{"line":30,"column":null}},"4":{"start":{"line":25,"column":27},"end":{"line":25,"column":null}},"5":{"start":{"line":34,"column":2},"end":{"line":48,"column":null}},"6":{"start":{"line":35,"column":4},"end":{"line":46,"column":null}},"7":{"start":{"line":50,"column":2},"end":{"line":50,"column":null}}},"fnMap":{"0":{"name":"(anonymous_0)","decl":{"start":{"line":8,"column":14},"end":{"line":8,"column":15}},"loc":{"start":{"line":8,"column":37},"end":{"line":51,"column":null}},"line":8},"1":{"name":"(anonymous_1)","decl":{"start":{"line":25,"column":21},"end":{"line":25,"column":27}},"loc":{"start":{"line":25,"column":27},"end":{"line":25,"column":null}},"line":25}},"branchMap":{"0":{"loc":{"start":{"line":11,"column":2},"end":{"line":32,"column":null}},"type":"if","locations":[{"start":{"line":11,"column":2},"end":{"line":32,"column":null}},{"start":{},"end":{}}],"line":11},"1":{"loc":{"start":{"line":34,"column":2},"end":{"line":48,"column":null}},"type":"if","locations":[{"start":{"line":34,"column":2},"end":{"line":48,"column":null}},{"start":{},"end":{}}],"line":34}},"s":{"0":1,"1":6,"2":6,"3":3,"4":1,"5":3,"6":2,"7":1},"f":{"0":6,"1":1},"b":{"0":[3,3],"1":[2,1]},"meta":{"lastBranch":2,"lastFunction":2,"lastStatement":8,"seen":{"s:8:14:51:Infinity":0,"f:8:14:8:15":0,"s:9:42:9:Infinity":1,"b:11:2:32:Infinity:undefined:undefined:undefined:undefined":0,"s:11:2:32:Infinity":2,"s:12:4:30:Infinity":3,"f:25:21:25:27":1,"s:25:27:25:Infinity":4,"b:34:2:48:Infinity:undefined:undefined:undefined:undefined":1,"s:34:2:48:Infinity":5,"s:35:4:46:Infinity":6,"s:50:2:50:Infinity":7},"fnNames":{}}}
,"/Users/jay/data/otb-public-interface/app/hooks/usePreferences.ts": {"path":"/Users/jay/data/otb-public-interface/app/hooks/usePreferences.ts","statementMap":{"0":{"start":{"line":5,"column":30},"end":{"line":46,"column":null}},"1":{"start":{"line":6,"column":36},"end":{"line":6,"column":null}},"2":{"start":{"line":8,"column":2},"end":{"line":10,"column":null}},"3":{"start":{"line":9,"column":4},"end":{"line":9,"column":null}},"4":{"start":{"line":12,"column":8},"end":{"line":14,"column":null}},"5":{"start":{"line":13,"column":4},"end":{"line":13,"column":null}},"6":{"start":{"line":13,"column":29},"end":{"line":13,"column":58}},"7":{"start":{"line":16,"column":8},"end":{"line":18,"column":null}},"8":{"start":{"line":17,"column":4},"end":{"line":17,"column":null}},"9":{"start":{"line":17,"column":29},"end":{"line":17,"column":59}},"10":{"start":{"line":17,"column":48},"end":{"line":17,"column":58}},"11":{"start":{"line":20,"column":8},"end":{"line":22,"column":null}},"12":{"start":{"line":21,"column":4},"end":{"line":21,"column":null}},"13":{"start":{"line":24,"column":8},"end":{"line":26,"column":null}},"14":{"start":{"line":25,"column":4},"end":{"line":25,"column":null}},"15":{"start":{"line":28,"column":8},"end":{"line":30,"column":null}},"16":{"start":{"line":29,"column":4},"end":{"line":29,"column":null}},"17":{"start":{"line":32,"column":2},"end":{"line":45,"column":null}}},"fnMap":{"0":{"name":"(anonymous_0)","decl":{"start":{"line":5,"column":30},"end":{"line":5,"column":36}},"loc":{"start":{"line":5,"column":36},"end":{"line":46,"column":null}},"line":5},"1":{"name":"(anonymous_1)","decl":{"start":{"line":8,"column":12},"end":{"line":8,"column":18}},"loc":{"start":{"line":8,"column":18},"end":{"line":10,"column":5}},"line":8},"2":{"name":"(anonymous_2)","decl":{"start":{"line":12,"column":36},"end":{"line":12,"column":37}},"loc":{"start":{"line":12,"column":63},"end":{"line":14,"column":5}},"line":12},"3":{"name":"(anonymous_3)","decl":{"start":{"line":13,"column":19},"end":{"line":13,"column":20}},"loc":{"start":{"line":13,"column":29},"end":{"line":13,"column":58}},"line":13},"4":{"name":"(anonymous_4)","decl":{"start":{"line":16,"column":39},"end":{"line":16,"column":40}},"loc":{"start":{"line":16,"column":66},"end":{"line":18,"column":5}},"line":16},"5":{"name":"(anonymous_5)","decl":{"start":{"line":17,"column":19},"end":{"line":17,"column":20}},"loc":{"start":{"line":17,"column":29},"end":{"line":17,"column":59}},"line":17},"6":{"name":"(anonymous_6)","decl":{"start":{"line":17,"column":41},"end":{"line":17,"column":42}},"loc":{"start":{"line":17,"column":48},"end":{"line":17,"column":58}},"line":17},"7":{"name":"(anonymous_7)","decl":{"start":{"line":20,"column":32},"end":{"line":20,"column":38}},"loc":{"start":{"line":20,"column":38},"end":{"line":22,"column":5}},"line":20},"8":{"name":"(anonymous_8)","decl":{"start":{"line":24,"column":30},"end":{"line":24,"column":36}},"loc":{"start":{"line":24,"column":36},"end":{"line":26,"column":5}},"line":24},"9":{"name":"(anonymous_9)","decl":{"start":{"line":28,"column":30},"end":{"line":28,"column":36}},"loc":{"start":{"line":28,"column":36},"end":{"line":30,"column":5}},"line":28}},"branchMap":{},"s":{"0":3,"1":34,"2":34,"3":34,"4":34,"5":4,"6":4,"7":34,"8":3,"9":3,"10":5,"11":34,"12":2,"13":34,"14":2,"15":34,"16":1,"17":34},"f":{"0":34,"1":34,"2":4,"3":4,"4":3,"5":3,"6":5,"7":2,"8":2,"9":1},"b":{},"meta":{"lastBranch":0,"lastFunction":10,"lastStatement":18,"seen":{"s:5:30:46:Infinity":0,"f:5:30:5:36":0,"s:6:36:6:Infinity":1,"s:8:2:10:Infinity":2,"f:8:12:8:18":1,"s:9:4:9:Infinity":3,"s:12:8:14:Infinity":4,"f:12:36:12:37":2,"s:13:4:13:Infinity":5,"f:13:19:13:20":3,"s:13:29:13:58":6,"s:16:8:18:Infinity":7,"f:16:39:16:40":4,"s:17:4:17:Infinity":8,"f:17:19:17:20":5,"s:17:29:17:59":9,"f:17:41:17:42":6,"s:17:48:17:58":10,"s:20:8:22:Infinity":11,"f:20:32:20:38":7,"s:21:4:21:Infinity":12,"s:24:8:26:Infinity":13,"f:24:30:24:36":8,"s:25:4:25:Infinity":14,"s:28:8:30:Infinity":15,"f:28:30:28:36":9,"s:29:4:29:Infinity":16,"s:32:2:45:Infinity":17},"fnNames":{}}}
,"/Users/jay/data/otb-public-interface/app/utils/cookies.ts": {"path":"/Users/jay/data/otb-public-interface/app/utils/cookies.ts","statementMap":{"0":{"start":{"line":3,"column":20},"end":{"line":3,"column":null}},"1":{"start":{"line":5,"column":30},"end":{"line":13,"column":null}},"2":{"start":{"line":6,"column":2},"end":{"line":11,"column":null}},"3":{"start":{"line":7,"column":16},"end":{"line":7,"column":null}},"4":{"start":{"line":8,"column":4},"end":{"line":8,"column":null}},"5":{"start":{"line":8,"column":13},"end":{"line":8,"column":null}},"6":{"start":{"line":10,"column":4},"end":{"line":10,"column":null}},"7":{"start":{"line":12,"column":2},"end":{"line":12,"column":null}},"8":{"start":{"line":15,"column":33},"end":{"line":21,"column":null}},"9":{"start":{"line":16,"column":2},"end":{"line":20,"column":null}},"10":{"start":{"line":17,"column":4},"end":{"line":17,"column":null}},"11":{"start":{"line":19,"column":4},"end":{"line":19,"column":null}},"12":{"start":{"line":23,"column":31},"end":{"line":30,"column":null}},"13":{"start":{"line":24,"column":2},"end":{"line":28,"column":null}},"14":{"start":{"line":25,"column":4},"end":{"line":25,"column":null}},"15":{"start":{"line":27,"column":4},"end":{"line":27,"column":null}},"16":{"start":{"line":29,"column":2},"end":{"line":29,"column":null}},"17":{"start":{"line":32,"column":38},"end":{"line":83,"column":null}},"18":{"start":{"line":85,"column":53},"end":{"line":85,"column":null}},"19":{"start":{"line":85,"column":72},"end":{"line":85,"column":76}}},"fnMap":{"0":{"name":"(anonymous_0)","decl":{"start":{"line":5,"column":30},"end":{"line":5,"column":55}},"loc":{"start":{"line":5,"column":55},"end":{"line":13,"column":null}},"line":5},"1":{"name":"(anonymous_1)","decl":{"start":{"line":15,"column":33},"end":{"line":15,"column":48}},"loc":{"start":{"line":15,"column":48},"end":{"line":21,"column":null}},"line":15},"2":{"name":"(anonymous_2)","decl":{"start":{"line":23,"column":31},"end":{"line":23,"column":32}},"loc":{"start":{"line":23,"column":76},"end":{"line":30,"column":null}},"line":23},"3":{"name":"(anonymous_3)","decl":{"start":{"line":85,"column":65},"end":{"line":85,"column":66}},"loc":{"start":{"line":85,"column":72},"end":{"line":85,"column":76}},"line":85}},"branchMap":{"0":{"loc":{"start":{"line":8,"column":4},"end":{"line":8,"column":null}},"type":"if","locations":[{"start":{"line":8,"column":4},"end":{"line":8,"column":null}},{"start":{},"end":{}}],"line":8}},"s":{"0":4,"1":4,"2":27,"3":27,"4":27,"5":11,"6":2,"7":17,"8":4,"9":3,"10":3,"11":1,"12":4,"13":36,"14":36,"15":1,"16":36,"17":4,"18":4,"19":24},"f":{"0":27,"1":3,"2":36,"3":24},"b":{"0":[11,16]},"meta":{"lastBranch":1,"lastFunction":4,"lastStatement":20,"seen":{"s:3:20:3:Infinity":0,"s:5:30:13:Infinity":1,"f:5:30:5:55":0,"s:6:2:11:Infinity":2,"s:7:16:7:Infinity":3,"b:8:4:8:Infinity:undefined:undefined:undefined:undefined":0,"s:8:4:8:Infinity":4,"s:8:13:8:Infinity":5,"s:10:4:10:Infinity":6,"s:12:2:12:Infinity":7,"s:15:33:21:Infinity":8,"f:15:33:15:48":1,"s:16:2:20:Infinity":9,"s:17:4:17:Infinity":10,"s:19:4:19:Infinity":11,"s:23:31:30:Infinity":12,"f:23:31:23:32":2,"s:24:2:28:Infinity":13,"s:25:4:25:Infinity":14,"s:27:4:27:Infinity":15,"s:29:2:29:Infinity":16,"s:32:38:83:Infinity":17,"s:85:53:85:Infinity":18,"f:85:65:85:66":3,"s:85:72:85:76":19},"fnNames":{}}}
}
